<?xml version="1.0" encoding="UTF-8"?>
<testng-results skipped="0" failed="1" ignored="0" total="2" passed="1">
  <reporter-output>
  </reporter-output>
  <suite name="Suite" duration-ms="16396" started-at="2018-11-21T16:38:36Z" finished-at="2018-11-21T16:38:52Z">
    <groups>
    </groups>
    <test name="Test" duration-ms="16396" started-at="2018-11-21T16:38:36Z" finished-at="2018-11-21T16:38:52Z">
      <class name="com.ghoshchandan19.RestAssured1.TestCases.VerifyCustomerApi">
        <test-method status="PASS" signature="setUp()[pri:0, instance:com.ghoshchandan19.RestAssured1.TestCases.VerifyCustomerApi@e52303]" name="setUp" is-config="true" duration-ms="5271" started-at="2018-11-21T22:08:31Z" finished-at="2018-11-21T22:08:36Z">
          <reporter-output>
          </reporter-output>
        </test-method> <!-- setUp -->
        <test-method status="PASS" signature="beforeTest()[pri:0, instance:com.ghoshchandan19.RestAssured1.TestCases.VerifyCustomerApi@e52303]" name="beforeTest" is-config="true" duration-ms="0" started-at="2018-11-21T22:08:36Z" finished-at="2018-11-21T22:08:36Z">
          <reporter-output>
          </reporter-output>
        </test-method> <!-- beforeTest -->
        <test-method status="PASS" signature="beforeClass()[pri:0, instance:com.ghoshchandan19.RestAssured1.TestCases.VerifyCustomerApi@e52303]" name="beforeClass" is-config="true" duration-ms="7" started-at="2018-11-21T22:08:36Z" finished-at="2018-11-21T22:08:36Z">
          <reporter-output>
          </reporter-output>
        </test-method> <!-- beforeClass -->
        <test-method status="PASS" signature="beforeMethod(java.lang.reflect.Method)[pri:0, instance:com.ghoshchandan19.RestAssured1.TestCases.VerifyCustomerApi@e52303]" name="beforeMethod" is-config="true" duration-ms="657" started-at="2018-11-21T22:08:36Z" finished-at="2018-11-21T22:08:37Z">
          <params>
            <param index="0">
              <value>
                <![CDATA[public void com.ghoshchandan19.RestAssured1.TestCases.VerifyCustomerApi.verifyCreateCustomer(java.util.Hashtable) throws com.fasterxml.jackson.core.JsonParseException,com.fasterxml.jackson.databind.JsonMappingException,java.io.IOException]]>
              </value>
            </param>
          </params>
          <reporter-output>
          </reporter-output>
        </test-method> <!-- beforeMethod -->
        <test-method status="PASS" signature="verifyCreateCustomer(java.util.Hashtable)[pri:0, instance:com.ghoshchandan19.RestAssured1.TestCases.VerifyCustomerApi@e52303]" name="verifyCreateCustomer" duration-ms="9897" started-at="2018-11-21T22:08:37Z" data-provider="dp" finished-at="2018-11-21T22:08:47Z">
          <params>
            <param index="0">
              <value>
                <![CDATA[{email=trainer@yahoo.com, statuscode=200, endpoint=/customers}]]>
              </value>
            </param>
          </params>
          <reporter-output>
          </reporter-output>
        </test-method> <!-- verifyCreateCustomer -->
        <test-method status="PASS" signature="afterMethod(org.testng.ITestResult)[pri:0, instance:com.ghoshchandan19.RestAssured1.TestCases.VerifyCustomerApi@e52303]" name="afterMethod" is-config="true" duration-ms="1" started-at="2018-11-21T22:08:48Z" finished-at="2018-11-21T22:08:48Z">
          <params>
            <param index="0">
              <value>
                <![CDATA[[TestResult name=verifyCreateCustomer status=SUCCESS method=VerifyCustomerApi.verifyCreateCustomer(java.util.Hashtable)[pri:0, instance:com.ghoshchandan19.RestAssured1.TestCases.VerifyCustomerApi@e52303] output={null}]]]>
              </value>
            </param>
          </params>
          <reporter-output>
          </reporter-output>
        </test-method> <!-- afterMethod -->
        <test-method status="PASS" signature="beforeMethod(java.lang.reflect.Method)[pri:0, instance:com.ghoshchandan19.RestAssured1.TestCases.VerifyCustomerApi@e52303]" name="beforeMethod" is-config="true" duration-ms="2" started-at="2018-11-21T22:08:48Z" finished-at="2018-11-21T22:08:48Z">
          <params>
            <param index="0">
              <value>
                <![CDATA[public void com.ghoshchandan19.RestAssured1.TestCases.VerifyCustomerApi.verifydeleteCustomer(java.util.Hashtable)]]>
              </value>
            </param>
          </params>
          <reporter-output>
          </reporter-output>
        </test-method> <!-- beforeMethod -->
        <test-method status="FAIL" signature="verifydeleteCustomer(java.util.Hashtable)[pri:0, instance:com.ghoshchandan19.RestAssured1.TestCases.VerifyCustomerApi@e52303]" name="verifydeleteCustomer" duration-ms="3789" started-at="2018-11-21T22:08:48Z" data-provider="dp" finished-at="2018-11-21T22:08:52Z">
          <params>
            <param index="0">
              <value>
                <![CDATA[{endpoint=customers/cus_DsvWuTDEO7xZwU}]]>
              </value>
            </param>
          </params>
          <exception class="java.lang.AssertionError">
            <message>
              <![CDATA[expected [true] but found [null]]]>
            </message>
            <full-stacktrace>
              <![CDATA[java.lang.AssertionError: expected [true] but found [null]
	at org.testng.Assert.fail(Assert.java:93)
	at org.testng.Assert.failNotEquals(Assert.java:512)
	at org.testng.Assert.assertEqualsImpl(Assert.java:129)
	at org.testng.Assert.assertEquals(Assert.java:115)
	at org.testng.Assert.assertEquals(Assert.java:178)
	at com.ghoshchandan19.RestAssured1.TestCases.VerifyCustomerApi.verifydeleteCustomer(VerifyCustomerApi.java:51)
	at sun.reflect.NativeMethodAccessorImpl.invoke0(Native Method)
	at sun.reflect.NativeMethodAccessorImpl.invoke(NativeMethodAccessorImpl.java:62)
	at sun.reflect.DelegatingMethodAccessorImpl.invoke(DelegatingMethodAccessorImpl.java:43)
	at java.lang.reflect.Method.invoke(Method.java:498)
	at org.testng.internal.MethodInvocationHelper.invokeMethod(MethodInvocationHelper.java:108)
	at org.testng.internal.Invoker.invokeMethod(Invoker.java:661)
	at org.testng.internal.Invoker.invokeTestMethod(Invoker.java:869)
	at org.testng.internal.Invoker.invokeTestMethods(Invoker.java:1193)
	at org.testng.internal.TestMethodWorker.invokeTestMethods(TestMethodWorker.java:126)
	at org.testng.internal.TestMethodWorker.run(TestMethodWorker.java:109)
	at org.testng.TestRunner.privateRun(TestRunner.java:744)
	at org.testng.TestRunner.run(TestRunner.java:602)
	at org.testng.SuiteRunner.runTest(SuiteRunner.java:380)
	at org.testng.SuiteRunner.runSequentially(SuiteRunner.java:375)
	at org.testng.SuiteRunner.privateRun(SuiteRunner.java:340)
	at org.testng.SuiteRunner.run(SuiteRunner.java:289)
	at org.testng.SuiteRunnerWorker.runSuite(SuiteRunnerWorker.java:52)
	at org.testng.SuiteRunnerWorker.run(SuiteRunnerWorker.java:86)
	at org.testng.TestNG.runSuitesSequentially(TestNG.java:1301)
	at org.testng.TestNG.runSuitesLocally(TestNG.java:1226)
	at org.testng.TestNG.runSuites(TestNG.java:1144)
	at org.testng.TestNG.run(TestNG.java:1115)
	at org.testng.remote.AbstractRemoteTestNG.run(AbstractRemoteTestNG.java:114)
	at org.testng.remote.RemoteTestNG.initAndRun(RemoteTestNG.java:251)
	at org.testng.remote.RemoteTestNG.main(RemoteTestNG.java:77)
]]>
            </full-stacktrace>
          </exception> <!-- java.lang.AssertionError -->
          <reporter-output>
          </reporter-output>
        </test-method> <!-- verifydeleteCustomer -->
        <test-method status="PASS" signature="afterMethod(org.testng.ITestResult)[pri:0, instance:com.ghoshchandan19.RestAssured1.TestCases.VerifyCustomerApi@e52303]" name="afterMethod" is-config="true" duration-ms="1" started-at="2018-11-21T22:08:52Z" finished-at="2018-11-21T22:08:52Z">
          <params>
            <param index="0">
              <value>
                <![CDATA[[TestResult name=verifydeleteCustomer status=FAILURE method=VerifyCustomerApi.verifydeleteCustomer(java.util.Hashtable)[pri:0, instance:com.ghoshchandan19.RestAssured1.TestCases.VerifyCustomerApi@e52303] output={null}]]]>
              </value>
            </param>
          </params>
          <reporter-output>
          </reporter-output>
        </test-method> <!-- afterMethod -->
        <test-method status="PASS" signature="afterClass()[pri:0, instance:com.ghoshchandan19.RestAssured1.TestCases.VerifyCustomerApi@e52303]" name="afterClass" is-config="true" duration-ms="0" started-at="2018-11-21T22:08:52Z" finished-at="2018-11-21T22:08:52Z">
          <reporter-output>
          </reporter-output>
        </test-method> <!-- afterClass -->
        <test-method status="PASS" signature="afterTest()[pri:0, instance:com.ghoshchandan19.RestAssured1.TestCases.VerifyCustomerApi@e52303]" name="afterTest" is-config="true" duration-ms="0" started-at="2018-11-21T22:08:52Z" finished-at="2018-11-21T22:08:52Z">
          <reporter-output>
          </reporter-output>
        </test-method> <!-- afterTest -->
        <test-method status="PASS" signature="tearDown()[pri:0, instance:com.ghoshchandan19.RestAssured1.TestCases.VerifyCustomerApi@e52303]" name="tearDown" is-config="true" duration-ms="0" started-at="2018-11-21T22:08:53Z" finished-at="2018-11-21T22:08:53Z">
          <reporter-output>
          </reporter-output>
        </test-method> <!-- tearDown -->
      </class> <!-- com.ghoshchandan19.RestAssured1.TestCases.VerifyCustomerApi -->
    </test> <!-- Test -->
  </suite> <!-- Suite -->
</testng-results>
